==3844== Memcheck, a memory error detector
==3844== Copyright (C) 2002-2017, and GNU GPL'd, by Julian Seward et al.
==3844== Using Valgrind-3.18.1 and LibVEX; rerun with -h for copyright info
==3844== Command: ./bin/MyUniv
==3844== 
==3844== Invalid write of size 1
==3844==    at 0x484EE8E: strcpy (in /usr/libexec/valgrind/vgpreload_memcheck-amd64-linux.so)
==3844==    by 0x1095BB: createUser (user.c:28)
==3844==    by 0x1098A4: loadUsers (user.c:107)
==3844==    by 0x10E039: loadApplication (application.c:14)
==3844==    by 0x109429: main (main.c:52)
==3844==  Address 0x4a8cc85 is 0 bytes after a block of size 5 alloc'd
==3844==    at 0x4848899: malloc (in /usr/libexec/valgrind/vgpreload_memcheck-amd64-linux.so)
==3844==    by 0x10957C: createUser (user.c:26)
==3844==    by 0x1098A4: loadUsers (user.c:107)
==3844==    by 0x10E039: loadApplication (application.c:14)
==3844==    by 0x109429: main (main.c:52)
==3844== 
==3844== Invalid write of size 1
==3844==    at 0x484EE8E: strcpy (in /usr/libexec/valgrind/vgpreload_memcheck-amd64-linux.so)
==3844==    by 0x1095D2: createUser (user.c:29)
==3844==    by 0x1098A4: loadUsers (user.c:107)
==3844==    by 0x10E039: loadApplication (application.c:14)
==3844==    by 0x109429: main (main.c:52)
==3844==  Address 0x4a8ccd5 is 0 bytes after a block of size 5 alloc'd
==3844==    at 0x4848899: malloc (in /usr/libexec/valgrind/vgpreload_memcheck-amd64-linux.so)
==3844==    by 0x10959A: createUser (user.c:27)
==3844==    by 0x1098A4: loadUsers (user.c:107)
==3844==    by 0x10E039: loadApplication (application.c:14)
==3844==    by 0x109429: main (main.c:52)
==3844== 
==3844== Invalid write of size 1
==3844==    at 0x484EE8E: strcpy (in /usr/libexec/valgrind/vgpreload_memcheck-amd64-linux.so)
==3844==    by 0x10A45A: createCourse (courses.c:70)
==3844==    by 0x10A652: loadCourses (courses.c:137)
==3844==    by 0x10E043: loadApplication (application.c:16)
==3844==    by 0x109429: main (main.c:52)
==3844==  Address 0x4a8e335 is 0 bytes after a block of size 5 alloc'd
==3844==    at 0x4848899: malloc (in /usr/libexec/valgrind/vgpreload_memcheck-amd64-linux.so)
==3844==    by 0x10A41B: createCourse (courses.c:68)
==3844==    by 0x10A652: loadCourses (courses.c:137)
==3844==    by 0x10E043: loadApplication (application.c:16)
==3844==    by 0x109429: main (main.c:52)
==3844== 
==3844== Invalid write of size 1
==3844==    at 0x484EE8E: strcpy (in /usr/libexec/valgrind/vgpreload_memcheck-amd64-linux.so)
==3844==    by 0x10A471: createCourse (courses.c:71)
==3844==    by 0x10A652: loadCourses (courses.c:137)
==3844==    by 0x10E043: loadApplication (application.c:16)
==3844==    by 0x109429: main (main.c:52)
==3844==  Address 0x4a8e385 is 0 bytes after a block of size 5 alloc'd
==3844==    at 0x4848899: malloc (in /usr/libexec/valgrind/vgpreload_memcheck-amd64-linux.so)
==3844==    by 0x10A439: createCourse (courses.c:69)
==3844==    by 0x10A652: loadCourses (courses.c:137)
==3844==    by 0x10E043: loadApplication (application.c:16)
==3844==    by 0x109429: main (main.c:52)
==3844== 
==3844== Invalid write of size 1
==3844==    at 0x484EE8E: strcpy (in /usr/libexec/valgrind/vgpreload_memcheck-amd64-linux.so)
==3844==    by 0x10AEB5: createEnrollment (courses.c:377)
==3844==    by 0x10B097: loadEnrollments (courses.c:431)
==3844==    by 0x10E04D: loadApplication (application.c:18)
==3844==    by 0x109429: main (main.c:52)
==3844==  Address 0x4a90135 is 0 bytes after a block of size 5 alloc'd
==3844==    at 0x4848899: malloc (in /usr/libexec/valgrind/vgpreload_memcheck-amd64-linux.so)
==3844==    by 0x10AE19: createEnrollment (courses.c:370)
==3844==    by 0x10B097: loadEnrollments (courses.c:431)
==3844==    by 0x10E04D: loadApplication (application.c:18)
==3844==    by 0x109429: main (main.c:52)
==3844== 
==3844== Invalid write of size 1
==3844==    at 0x484EE8E: strcpy (in /usr/libexec/valgrind/vgpreload_memcheck-amd64-linux.so)
==3844==    by 0x10AECC: createEnrollment (courses.c:378)
==3844==    by 0x10B097: loadEnrollments (courses.c:431)
==3844==    by 0x10E04D: loadApplication (application.c:18)
==3844==    by 0x109429: main (main.c:52)
==3844==  Address 0x4a9018a is 0 bytes after a block of size 10 alloc'd
==3844==    at 0x4848899: malloc (in /usr/libexec/valgrind/vgpreload_memcheck-amd64-linux.so)
==3844==    by 0x10AE37: createEnrollment (courses.c:371)
==3844==    by 0x10B097: loadEnrollments (courses.c:431)
==3844==    by 0x10E04D: loadApplication (application.c:18)
==3844==    by 0x109429: main (main.c:52)
==3844== 
==3844== Invalid write of size 1
==3844==    at 0x484EE8E: strcpy (in /usr/libexec/valgrind/vgpreload_memcheck-amd64-linux.so)
==3844==    by 0x10AEE3: createEnrollment (courses.c:379)
==3844==    by 0x10B097: loadEnrollments (courses.c:431)
==3844==    by 0x10E04D: loadApplication (application.c:18)
==3844==    by 0x109429: main (main.c:52)
==3844==  Address 0x4a901d2 is 0 bytes after a block of size 2 alloc'd
==3844==    at 0x4848899: malloc (in /usr/libexec/valgrind/vgpreload_memcheck-amd64-linux.so)
==3844==    by 0x10AE56: createEnrollment (courses.c:372)
==3844==    by 0x10B097: loadEnrollments (courses.c:431)
==3844==    by 0x10E04D: loadApplication (application.c:18)
==3844==    by 0x109429: main (main.c:52)
==3844== 
==3844== Invalid write of size 1
==3844==    at 0x484EE8E: strcpy (in /usr/libexec/valgrind/vgpreload_memcheck-amd64-linux.so)
==3844==    by 0x10AEFA: createEnrollment (courses.c:380)
==3844==    by 0x10B097: loadEnrollments (courses.c:431)
==3844==    by 0x10E04D: loadApplication (application.c:18)
==3844==    by 0x109429: main (main.c:52)
==3844==  Address 0x4a90229 is 0 bytes after a block of size 9 alloc'd
==3844==    at 0x4848899: malloc (in /usr/libexec/valgrind/vgpreload_memcheck-amd64-linux.so)
==3844==    by 0x10AE75: createEnrollment (courses.c:373)
==3844==    by 0x10B097: loadEnrollments (courses.c:431)
==3844==    by 0x10E04D: loadApplication (application.c:18)
==3844==    by 0x109429: main (main.c:52)
==3844== 
==3844== Invalid write of size 1
==3844==    at 0x484EE8E: strcpy (in /usr/libexec/valgrind/vgpreload_memcheck-amd64-linux.so)
==3844==    by 0x10AF11: createEnrollment (courses.c:381)
==3844==    by 0x10B097: loadEnrollments (courses.c:431)
==3844==    by 0x10E04D: loadApplication (application.c:18)
==3844==    by 0x109429: main (main.c:52)
==3844==  Address 0x4a9027a is 0 bytes after a block of size 10 alloc'd
==3844==    at 0x4848899: malloc (in /usr/libexec/valgrind/vgpreload_memcheck-amd64-linux.so)
==3844==    by 0x10AE94: createEnrollment (courses.c:374)
==3844==    by 0x10B097: loadEnrollments (courses.c:431)
==3844==    by 0x10E04D: loadApplication (application.c:18)
==3844==    by 0x109429: main (main.c:52)
==3844== 
==3844== Invalid write of size 1
==3844==    at 0x484EE8E: strcpy (in /usr/libexec/valgrind/vgpreload_memcheck-amd64-linux.so)
==3844==    by 0x10B80E: createChapter (chapters.c:81)
==3844==    by 0x10BA6C: loadChapters (chapters.c:151)
==3844==    by 0x10E057: loadApplication (application.c:20)
==3844==    by 0x109429: main (main.c:52)
==3844==  Address 0x4a917b5 is 0 bytes after a block of size 5 alloc'd
==3844==    at 0x4848899: malloc (in /usr/libexec/valgrind/vgpreload_memcheck-amd64-linux.so)
==3844==    by 0x10B791: createChapter (chapters.c:77)
==3844==    by 0x10BA6C: loadChapters (chapters.c:151)
==3844==    by 0x10E057: loadApplication (application.c:20)
==3844==    by 0x109429: main (main.c:52)
==3844== 
==3844== Invalid write of size 1
==3844==    at 0x484EE8E: strcpy (in /usr/libexec/valgrind/vgpreload_memcheck-amd64-linux.so)
==3844==    by 0x10B825: createChapter (chapters.c:82)
==3844==    by 0x10BA6C: loadChapters (chapters.c:151)
==3844==    by 0x10E057: loadApplication (application.c:20)
==3844==    by 0x109429: main (main.c:52)
==3844==  Address 0x4a91804 is 0 bytes after a block of size 4 alloc'd
==3844==    at 0x4848899: malloc (in /usr/libexec/valgrind/vgpreload_memcheck-amd64-linux.so)
==3844==    by 0x10B7AF: createChapter (chapters.c:78)
==3844==    by 0x10BA6C: loadChapters (chapters.c:151)
==3844==    by 0x10E057: loadApplication (application.c:20)
==3844==    by 0x109429: main (main.c:52)
==3844== 
==3844== Invalid write of size 1
==3844==    at 0x484EE8E: strcpy (in /usr/libexec/valgrind/vgpreload_memcheck-amd64-linux.so)
==3844==    by 0x10B83C: createChapter (chapters.c:83)
==3844==    by 0x10BA6C: loadChapters (chapters.c:151)
==3844==    by 0x10E057: loadApplication (application.c:20)
==3844==    by 0x109429: main (main.c:52)
==3844==  Address 0x4a91857 is 0 bytes after a block of size 7 alloc'd
==3844==    at 0x4848899: malloc (in /usr/libexec/valgrind/vgpreload_memcheck-amd64-linux.so)
==3844==    by 0x10B7CE: createChapter (chapters.c:79)
==3844==    by 0x10BA6C: loadChapters (chapters.c:151)
==3844==    by 0x10E057: loadApplication (application.c:20)
==3844==    by 0x109429: main (main.c:52)
==3844== 
==3844== Invalid write of size 1
==3844==    at 0x484EE8E: strcpy (in /usr/libexec/valgrind/vgpreload_memcheck-amd64-linux.so)
==3844==    by 0x10B853: createChapter (chapters.c:84)
==3844==    by 0x10BA6C: loadChapters (chapters.c:151)
==3844==    by 0x10E057: loadApplication (application.c:20)
==3844==    by 0x109429: main (main.c:52)
==3844==  Address 0x4a918b2 is 0 bytes after a block of size 18 alloc'd
==3844==    at 0x4848899: malloc (in /usr/libexec/valgrind/vgpreload_memcheck-amd64-linux.so)
==3844==    by 0x10B7ED: createChapter (chapters.c:80)
==3844==    by 0x10BA6C: loadChapters (chapters.c:151)
==3844==    by 0x10E057: loadApplication (application.c:20)
==3844==    by 0x109429: main (main.c:52)
==3844== 
==3844== Invalid write of size 1
==3844==    at 0x484EE8E: strcpy (in /usr/libexec/valgrind/vgpreload_memcheck-amd64-linux.so)
==3844==    by 0x10C7C7: createLink (link.c:56)
==3844==    by 0x10C958: loadLinks (link.c:110)
==3844==    by 0x10E061: loadApplication (application.c:23)
==3844==    by 0x109429: main (main.c:52)
==3844==  Address 0x4a93485 is 0 bytes after a block of size 5 alloc'd
==3844==    at 0x4848899: malloc (in /usr/libexec/valgrind/vgpreload_memcheck-amd64-linux.so)
==3844==    by 0x10C788: createLink (link.c:53)
==3844==    by 0x10C958: loadLinks (link.c:110)
==3844==    by 0x10E061: loadApplication (application.c:23)
==3844==    by 0x109429: main (main.c:52)
==3844== 
==3844== Invalid write of size 1
==3844==    at 0x484EE8E: strcpy (in /usr/libexec/valgrind/vgpreload_memcheck-amd64-linux.so)
==3844==    by 0x10C7DE: createLink (link.c:57)
==3844==    by 0x10C958: loadLinks (link.c:110)
==3844==    by 0x10E061: loadApplication (application.c:23)
==3844==    by 0x109429: main (main.c:52)
==3844==  Address 0x4a934d4 is 0 bytes after a block of size 4 alloc'd
==3844==    at 0x4848899: malloc (in /usr/libexec/valgrind/vgpreload_memcheck-amd64-linux.so)
==3844==    by 0x10C7A6: createLink (link.c:54)
==3844==    by 0x10C958: loadLinks (link.c:110)
==3844==    by 0x10E061: loadApplication (application.c:23)
==3844==    by 0x109429: main (main.c:52)
==3844== 
==3844== Invalid write of size 1
==3844==    at 0x484EE8E: strcpy (in /usr/libexec/valgrind/vgpreload_memcheck-amd64-linux.so)
==3844==    by 0x10C2BD: createCompletedChapter (chapters.c:339)
==3844==    by 0x10C62F: loadCompletedChapters (chapters.c:448)
==3844==    by 0x10E06B: loadApplication (application.c:26)
==3844==    by 0x109429: main (main.c:52)
==3844==  Address 0x4a94a15 is 0 bytes after a block of size 5 alloc'd
==3844==    at 0x4848899: malloc (in /usr/libexec/valgrind/vgpreload_memcheck-amd64-linux.so)
==3844==    by 0x10C240: createCompletedChapter (chapters.c:335)
==3844==    by 0x10C62F: loadCompletedChapters (chapters.c:448)
==3844==    by 0x10E06B: loadApplication (application.c:26)
==3844==    by 0x109429: main (main.c:52)
==3844== 
==3844== Invalid write of size 1
==3844==    at 0x484EE8E: strcpy (in /usr/libexec/valgrind/vgpreload_memcheck-amd64-linux.so)
==3844==    by 0x10C2D4: createCompletedChapter (chapters.c:340)
==3844==    by 0x10C62F: loadCompletedChapters (chapters.c:448)
==3844==    by 0x10E06B: loadApplication (application.c:26)
==3844==    by 0x109429: main (main.c:52)
==3844==  Address 0x4a94a67 is 0 bytes after a block of size 7 alloc'd
==3844==    at 0x4848899: malloc (in /usr/libexec/valgrind/vgpreload_memcheck-amd64-linux.so)
==3844==    by 0x10C25E: createCompletedChapter (chapters.c:336)
==3844==    by 0x10C62F: loadCompletedChapters (chapters.c:448)
==3844==    by 0x10E06B: loadApplication (application.c:26)
==3844==    by 0x109429: main (main.c:52)
==3844== 
==3844== Invalid write of size 1
==3844==    at 0x484EE8E: strcpy (in /usr/libexec/valgrind/vgpreload_memcheck-amd64-linux.so)
==3844==    by 0x10C2EB: createCompletedChapter (chapters.c:341)
==3844==    by 0x10C62F: loadCompletedChapters (chapters.c:448)
==3844==    by 0x10E06B: loadApplication (application.c:26)
==3844==    by 0x109429: main (main.c:52)
==3844==  Address 0x4a94ab2 is 0 bytes after a block of size 2 alloc'd
==3844==    at 0x4848899: malloc (in /usr/libexec/valgrind/vgpreload_memcheck-amd64-linux.so)
==3844==    by 0x10C27D: createCompletedChapter (chapters.c:337)
==3844==    by 0x10C62F: loadCompletedChapters (chapters.c:448)
==3844==    by 0x10E06B: loadApplication (application.c:26)
==3844==    by 0x109429: main (main.c:52)
==3844== 
==3844== Invalid write of size 1
==3844==    at 0x484EE8E: strcpy (in /usr/libexec/valgrind/vgpreload_memcheck-amd64-linux.so)
==3844==    by 0x10C302: createCompletedChapter (chapters.c:342)
==3844==    by 0x10C62F: loadCompletedChapters (chapters.c:448)
==3844==    by 0x10E06B: loadApplication (application.c:26)
==3844==    by 0x109429: main (main.c:52)
==3844==  Address 0x4a94b0a is 0 bytes after a block of size 10 alloc'd
==3844==    at 0x4848899: malloc (in /usr/libexec/valgrind/vgpreload_memcheck-amd64-linux.so)
==3844==    by 0x10C29C: createCompletedChapter (chapters.c:338)
==3844==    by 0x10C62F: loadCompletedChapters (chapters.c:448)
==3844==    by 0x10E06B: loadApplication (application.c:26)
==3844==    by 0x109429: main (main.c:52)
==3844== 
==3844== Invalid write of size 1
==3844==    at 0x484EE8E: strcpy (in /usr/libexec/valgrind/vgpreload_memcheck-amd64-linux.so)
==3844==    by 0x10DB29: createBookmark (bookmark.c:36)
==3844==    by 0x10DD18: loadBookamrks (bookmark.c:94)
==3844==    by 0x10E075: loadApplication (application.c:29)
==3844==    by 0x109429: main (main.c:52)
==3844==  Address 0x4a96432 is 0 bytes after a block of size 2 alloc'd
==3844==    at 0x4848899: malloc (in /usr/libexec/valgrind/vgpreload_memcheck-amd64-linux.so)
==3844==    by 0x10DAAC: createBookmark (bookmark.c:31)
==3844==    by 0x10DD18: loadBookamrks (bookmark.c:94)
==3844==    by 0x10E075: loadApplication (application.c:29)
==3844==    by 0x109429: main (main.c:52)
==3844== 
==3844== Invalid write of size 1
==3844==    at 0x484EE8E: strcpy (in /usr/libexec/valgrind/vgpreload_memcheck-amd64-linux.so)
==3844==    by 0x10DB40: createBookmark (bookmark.c:37)
==3844==    by 0x10DD18: loadBookamrks (bookmark.c:94)
==3844==    by 0x10E075: loadApplication (application.c:29)
==3844==    by 0x109429: main (main.c:52)
==3844==  Address 0x4a96485 is 0 bytes after a block of size 5 alloc'd
==3844==    at 0x4848899: malloc (in /usr/libexec/valgrind/vgpreload_memcheck-amd64-linux.so)
==3844==    by 0x10DACA: createBookmark (bookmark.c:32)
==3844==    by 0x10DD18: loadBookamrks (bookmark.c:94)
==3844==    by 0x10E075: loadApplication (application.c:29)
==3844==    by 0x109429: main (main.c:52)
==3844== 
==3844== Invalid write of size 1
==3844==    at 0x484EE8E: strcpy (in /usr/libexec/valgrind/vgpreload_memcheck-amd64-linux.so)
==3844==    by 0x10DB57: createBookmark (bookmark.c:38)
==3844==    by 0x10DD18: loadBookamrks (bookmark.c:94)
==3844==    by 0x10E075: loadApplication (application.c:29)
==3844==    by 0x109429: main (main.c:52)
==3844==  Address 0x4a964d7 is 0 bytes after a block of size 7 alloc'd
==3844==    at 0x4848899: malloc (in /usr/libexec/valgrind/vgpreload_memcheck-amd64-linux.so)
==3844==    by 0x10DAE9: createBookmark (bookmark.c:33)
==3844==    by 0x10DD18: loadBookamrks (bookmark.c:94)
==3844==    by 0x10E075: loadApplication (application.c:29)
==3844==    by 0x109429: main (main.c:52)
==3844== 
==3844== Invalid write of size 1
==3844==    at 0x484EE8E: strcpy (in /usr/libexec/valgrind/vgpreload_memcheck-amd64-linux.so)
==3844==    by 0x10DB6E: createBookmark (bookmark.c:39)
==3844==    by 0x10DD18: loadBookamrks (bookmark.c:94)
==3844==    by 0x10E075: loadApplication (application.c:29)
==3844==    by 0x109429: main (main.c:52)
==3844==  Address 0x4a9652a is 0 bytes after a block of size 10 alloc'd
==3844==    at 0x4848899: malloc (in /usr/libexec/valgrind/vgpreload_memcheck-amd64-linux.so)
==3844==    by 0x10DB08: createBookmark (bookmark.c:34)
==3844==    by 0x10DD18: loadBookamrks (bookmark.c:94)
==3844==    by 0x10E075: loadApplication (application.c:29)
==3844==    by 0x109429: main (main.c:52)
==3844== 
==3844== Invalid read of size 1
==3844==    at 0x484FBE8: strcmp (in /usr/libexec/valgrind/vgpreload_memcheck-amd64-linux.so)
==3844==    by 0x109A1F: isValidUser (user.c:143)
==3844==    by 0x109ADF: loginUser (user.c:162)
==3844==    by 0x109486: main (main.c:65)
==3844==  Address 0x4a8ced6 is 0 bytes after a block of size 6 alloc'd
==3844==    at 0x4848899: malloc (in /usr/libexec/valgrind/vgpreload_memcheck-amd64-linux.so)
==3844==    by 0x10957C: createUser (user.c:26)
==3844==    by 0x1098A4: loadUsers (user.c:107)
==3844==    by 0x10E039: loadApplication (application.c:14)
==3844==    by 0x109429: main (main.c:52)
==3844== 
==3844== Invalid read of size 1
==3844==    at 0x484ED24: strlen (in /usr/libexec/valgrind/vgpreload_memcheck-amd64-linux.so)
==3844==    by 0x48D6DB0: __vfprintf_internal (vfprintf-internal.c:1517)
==3844==    by 0x48C0749: fprintf (fprintf.c:32)
==3844==    by 0x109B68: saveUsers (user.c:174)
==3844==    by 0x10E08A: saveApplication (application.c:33)
==3844==    by 0x10951A: main (main.c:87)
==3844==  Address 0x4a8cc85 is 0 bytes after a block of size 5 alloc'd
==3844==    at 0x4848899: malloc (in /usr/libexec/valgrind/vgpreload_memcheck-amd64-linux.so)
==3844==    by 0x10957C: createUser (user.c:26)
==3844==    by 0x1098A4: loadUsers (user.c:107)
==3844==    by 0x10E039: loadApplication (application.c:14)
==3844==    by 0x109429: main (main.c:52)
==3844== 
==3844== Invalid read of size 1
==3844==    at 0x484ED24: strlen (in /usr/libexec/valgrind/vgpreload_memcheck-amd64-linux.so)
==3844==    by 0x48D6DB0: __vfprintf_internal (vfprintf-internal.c:1517)
==3844==    by 0x48C0749: fprintf (fprintf.c:32)
==3844==    by 0x10A9B5: saveCourses (courses.c:245)
==3844==    by 0x10E094: saveApplication (application.c:34)
==3844==    by 0x10951A: main (main.c:87)
==3844==  Address 0x4a8e335 is 0 bytes after a block of size 5 alloc'd
==3844==    at 0x4848899: malloc (in /usr/libexec/valgrind/vgpreload_memcheck-amd64-linux.so)
==3844==    by 0x10A41B: createCourse (courses.c:68)
==3844==    by 0x10A652: loadCourses (courses.c:137)
==3844==    by 0x10E043: loadApplication (application.c:16)
==3844==    by 0x109429: main (main.c:52)
==3844== 
==3844== Invalid read of size 1
==3844==    at 0x484ED24: strlen (in /usr/libexec/valgrind/vgpreload_memcheck-amd64-linux.so)
==3844==    by 0x48D6DB0: __vfprintf_internal (vfprintf-internal.c:1517)
==3844==    by 0x48C0749: fprintf (fprintf.c:32)
==3844==    by 0x10B334: saveEnrollments (courses.c:486)
==3844==    by 0x10E09E: saveApplication (application.c:35)
==3844==    by 0x10951A: main (main.c:87)
==3844==  Address 0x4a90135 is 0 bytes after a block of size 5 alloc'd
==3844==    at 0x4848899: malloc (in /usr/libexec/valgrind/vgpreload_memcheck-amd64-linux.so)
==3844==    by 0x10AE19: createEnrollment (courses.c:370)
==3844==    by 0x10B097: loadEnrollments (courses.c:431)
==3844==    by 0x10E04D: loadApplication (application.c:18)
==3844==    by 0x109429: main (main.c:52)
==3844== 
==3844== Invalid read of size 1
==3844==    at 0x484ED24: strlen (in /usr/libexec/valgrind/vgpreload_memcheck-amd64-linux.so)
==3844==    by 0x48D6DB0: __vfprintf_internal (vfprintf-internal.c:1517)
==3844==    by 0x48C0749: fprintf (fprintf.c:32)
==3844==    by 0x10BEB8: saveChapters (chapters.c:270)
==3844==    by 0x10E0A8: saveApplication (application.c:36)
==3844==    by 0x10951A: main (main.c:87)
==3844==  Address 0x4a917b5 is 0 bytes after a block of size 5 alloc'd
==3844==    at 0x4848899: malloc (in /usr/libexec/valgrind/vgpreload_memcheck-amd64-linux.so)
==3844==    by 0x10B791: createChapter (chapters.c:77)
==3844==    by 0x10BA6C: loadChapters (chapters.c:151)
==3844==    by 0x10E057: loadApplication (application.c:20)
==3844==    by 0x109429: main (main.c:52)
==3844== 
==3844== Invalid read of size 1
==3844==    at 0x484ED24: strlen (in /usr/libexec/valgrind/vgpreload_memcheck-amd64-linux.so)
==3844==    by 0x48D6DB0: __vfprintf_internal (vfprintf-internal.c:1517)
==3844==    by 0x48C0749: fprintf (fprintf.c:32)
==3844==    by 0x10C729: saveCompletedChapters (chapters.c:465)
==3844==    by 0x10E0B2: saveApplication (application.c:37)
==3844==    by 0x10951A: main (main.c:87)
==3844==  Address 0x4a94a15 is 0 bytes after a block of size 5 alloc'd
==3844==    at 0x4848899: malloc (in /usr/libexec/valgrind/vgpreload_memcheck-amd64-linux.so)
==3844==    by 0x10C240: createCompletedChapter (chapters.c:335)
==3844==    by 0x10C62F: loadCompletedChapters (chapters.c:448)
==3844==    by 0x10E06B: loadApplication (application.c:26)
==3844==    by 0x109429: main (main.c:52)
==3844== 
==3844== Invalid read of size 1
==3844==    at 0x484ED24: strlen (in /usr/libexec/valgrind/vgpreload_memcheck-amd64-linux.so)
==3844==    by 0x48D6DB0: __vfprintf_internal (vfprintf-internal.c:1517)
==3844==    by 0x48C0749: fprintf (fprintf.c:32)
==3844==    by 0x10DFAD: saveBookmarks (bookmark.c:154)
==3844==    by 0x10E0BC: saveApplication (application.c:38)
==3844==    by 0x10951A: main (main.c:87)
==3844==  Address 0x4a96432 is 0 bytes after a block of size 2 alloc'd
==3844==    at 0x4848899: malloc (in /usr/libexec/valgrind/vgpreload_memcheck-amd64-linux.so)
==3844==    by 0x10DAAC: createBookmark (bookmark.c:31)
==3844==    by 0x10DD18: loadBookamrks (bookmark.c:94)
==3844==    by 0x10E075: loadApplication (application.c:29)
==3844==    by 0x109429: main (main.c:52)
==3844== 
==3844== Invalid read of size 1
==3844==    at 0x484ED24: strlen (in /usr/libexec/valgrind/vgpreload_memcheck-amd64-linux.so)
==3844==    by 0x48D6DB0: __vfprintf_internal (vfprintf-internal.c:1517)
==3844==    by 0x48C0749: fprintf (fprintf.c:32)
==3844==    by 0x10CDA8: saveLinks (link.c:243)
==3844==    by 0x10E0C6: saveApplication (application.c:39)
==3844==    by 0x10951A: main (main.c:87)
==3844==  Address 0x4a93485 is 0 bytes after a block of size 5 alloc'd
==3844==    at 0x4848899: malloc (in /usr/libexec/valgrind/vgpreload_memcheck-amd64-linux.so)
==3844==    by 0x10C788: createLink (link.c:53)
==3844==    by 0x10C958: loadLinks (link.c:110)
==3844==    by 0x10E061: loadApplication (application.c:23)
==3844==    by 0x109429: main (main.c:52)
==3844== 
==3844== 
==3844== HEAP SUMMARY:
==3844==     in use at exit: 1,523 bytes in 83 blocks
==3844==   total heap usage: 162 allocs, 79 frees, 72,947 bytes allocated
==3844== 
==3844== LEAK SUMMARY:
==3844==    definitely lost: 496 bytes in 15 blocks
==3844==    indirectly lost: 0 bytes in 0 blocks
==3844==      possibly lost: 0 bytes in 0 blocks
==3844==    still reachable: 1,027 bytes in 68 blocks
==3844==         suppressed: 0 bytes in 0 blocks
==3844== Rerun with --leak-check=full to see details of leaked memory
==3844== 
==3844== For lists of detected and suppressed errors, rerun with: -s
==3844== ERROR SUMMARY: 0 errors from 0 contexts (suppressed: 0 from 0)
